# JRE version: Java(TM) SE Runtime Environment (8.0_45-b14) (build 1.8.0_45-b14)
# Java VM: Java HotSpot(TM) 64-Bit Server VM (25.45-b02 mixed mode linux-amd64 compressed oops)
Heap:
 PSYoungGen      total 203776K, used 10720K [0x00000000eab00000, 0x00000000f7d00000, 0x0000000100000000)
  eden space 193024K, 0% used [0x00000000eab00000,0x00000000eab00000,0x00000000f6780000)
  from space 10752K, 99% used [0x00000000f6780000,0x00000000f71f8090,0x00000000f7200000)
  to   space 10240K, 0% used [0x00000000f7200000,0x00000000f7200000,0x00000000f7c00000)
 ParOldGen       total 40960K, used 33437K [0x00000000c0000000, 0x00000000c2800000, 0x00000000eab00000)
  object space 40960K, 81% used [0x00000000c0000000,0x00000000c20a7788,0x00000000c2800000)
 Metaspace       used 7806K, capacity 8040K, committed 8320K, reserved 1056768K
  class space    used 755K, capacity 787K, committed 896K, reserved 1048576K
GC Heap History (10 events):
Event: 6,185 GC heap after
Heap after GC invocations=6 (full 0):
 PSYoungGen      total 69120K, used 6768K [0x00000000eab00000, 0x00000000ef800000, 0x0000000100000000)
  eden space 60928K, 0% used [0x00000000eab00000,0x00000000eab00000,0x00000000ee680000)
  from space 8192K, 82% used [0x00000000eef00000,0x00000000ef59c0b8,0x00000000ef700000)
  to   space 8704K, 0% used [0x00000000ee680000,0x00000000ee680000,0x00000000eef00000)
 ParOldGen       total 40960K, used 14694K [0x00000000c0000000, 0x00000000c2800000, 0x00000000eab00000)
  object space 40960K, 35% used [0x00000000c0000000,0x00000000c0e599a0,0x00000000c2800000)
 Metaspace       used 7682K, capacity 8002K, committed 8192K, reserved 1056768K
  class space    used 747K, capacity 754K, committed 768K, reserved 1048576K
}
Event: 6,480 GC heap before
{Heap before GC invocations=7 (full 0):
 PSYoungGen      total 69120K, used 67696K [0x00000000eab00000, 0x00000000ef800000, 0x0000000100000000)
  eden space 60928K, 100% used [0x00000000eab00000,0x00000000ee680000,0x00000000ee680000)
  from space 8192K, 82% used [0x00000000eef00000,0x00000000ef59c0b8,0x00000000ef700000)
  to   space 8704K, 0% used [0x00000000ee680000,0x00000000ee680000,0x00000000eef00000)
 ParOldGen       total 40960K, used 14694K [0x00000000c0000000, 0x00000000c2800000, 0x00000000eab00000)
  object space 40960K, 35% used [0x00000000c0000000,0x00000000c0e599a0,0x00000000c2800000)
 Metaspace       used 7786K, capacity 8040K, committed 8320K, reserved 1056768K
  class space    used 755K, capacity 787K, committed 896K, reserved 1048576K
Event: 6,500 GC heap after
Heap after GC invocations=7 (full 0):
 PSYoungGen      total 69632K, used 8501K [0x00000000eab00000, 0x00000000f3500000, 0x0000000100000000)
  eden space 60928K, 0% used [0x00000000eab00000,0x00000000eab00000,0x00000000ee680000)
  from space 8704K, 97% used [0x00000000ee680000,0x00000000eeecd5b0,0x00000000eef00000)
  to   space 9728K, 0% used [0x00000000f2b80000,0x00000000f2b80000,0x00000000f3500000)
 ParOldGen       total 40960K, used 16672K [0x00000000c0000000, 0x00000000c2800000, 0x00000000eab00000)
  object space 40960K, 40% used [0x00000000c0000000,0x00000000c1048098,0x00000000c2800000)
 Metaspace       used 7786K, capacity 8040K, committed 8320K, reserved 1056768K
  class space    used 755K, capacity 787K, committed 896K, reserved 1048576K
}
Event: 6,752 GC heap before
{Heap before GC invocations=8 (full 0):
 PSYoungGen      total 69632K, used 69429K [0x00000000eab00000, 0x00000000f3500000, 0x0000000100000000)
  eden space 60928K, 100% used [0x00000000eab00000,0x00000000ee680000,0x00000000ee680000)
  from space 8704K, 97% used [0x00000000ee680000,0x00000000eeecd5b0,0x00000000eef00000)
  to   space 9728K, 0% used [0x00000000f2b80000,0x00000000f2b80000,0x00000000f3500000)
 ParOldGen       total 40960K, used 16672K [0x00000000c0000000, 0x00000000c2800000, 0x00000000eab00000)
  object space 40960K, 40% used [0x00000000c0000000,0x00000000c1048098,0x00000000c2800000)
 Metaspace       used 7794K, capacity 8040K, committed 8320K, reserved 1056768K
  class space    used 755K, capacity 787K, committed 896K, reserved 1048576K
Event: 6,766 GC heap after
Heap after GC invocations=8 (full 0):
 PSYoungGen      total 130560K, used 9451K [0x00000000eab00000, 0x00000000f3700000, 0x0000000100000000)
  eden space 120832K, 0% used [0x00000000eab00000,0x00000000eab00000,0x00000000f2100000)
  from space 9728K, 97% used [0x00000000f2b80000,0x00000000f34bad90,0x00000000f3500000)
  to   space 10752K, 0% used [0x00000000f2100000,0x00000000f2100000,0x00000000f2b80000)
 ParOldGen       total 40960K, used 17192K [0x00000000c0000000, 0x00000000c2800000, 0x00000000eab00000)
  object space 40960K, 41% used [0x00000000c0000000,0x00000000c10ca0b0,0x00000000c2800000)
 Metaspace       used 7794K, capacity 8040K, committed 8320K, reserved 1056768K
  class space    used 755K, capacity 787K, committed 896K, reserved 1048576K
}
Event: 7,278 GC heap before
{Heap before GC invocations=9 (full 0):
 PSYoungGen      total 130560K, used 130283K [0x00000000eab00000, 0x00000000f3700000, 0x0000000100000000)
  eden space 120832K, 100% used [0x00000000eab00000,0x00000000f2100000,0x00000000f2100000)
  from space 9728K, 97% used [0x00000000f2b80000,0x00000000f34bad90,0x00000000f3500000)
  to   space 10752K, 0% used [0x00000000f2100000,0x00000000f2100000,0x00000000f2b80000)
 ParOldGen       total 40960K, used 17192K [0x00000000c0000000, 0x00000000c2800000, 0x00000000eab00000)
  object space 40960K, 41% used [0x00000000c0000000,0x00000000c10ca0b0,0x00000000c2800000)
 Metaspace       used 7799K, capacity 8040K, committed 8320K, reserved 1056768K
  class space    used 755K, capacity 787K, committed 896K, reserved 1048576K
Event: 7,293 GC heap after
Heap after GC invocations=9 (full 0):
 PSYoungGen      total 131584K, used 5870K [0x00000000eab00000, 0x00000000f7c00000, 0x0000000100000000)
  eden space 120832K, 0% used [0x00000000eab00000,0x00000000eab00000,0x00000000f2100000)
  from space 10752K, 54% used [0x00000000f2100000,0x00000000f26bb890,0x00000000f2b80000)
  to   space 10240K, 0% used [0x00000000f7200000,0x00000000f7200000,0x00000000f7c00000)
 ParOldGen       total 40960K, used 17272K [0x00000000c0000000, 0x00000000c2800000, 0x00000000eab00000)
  object space 40960K, 42% used [0x00000000c0000000,0x00000000c10de0b0,0x00000000c2800000)
 Metaspace       used 7799K, capacity 8040K, committed 8320K, reserved 1056768K
  class space    used 755K, capacity 787K, committed 896K, reserved 1048576K
}
Event: 7,800 GC heap before
{Heap before GC invocations=10 (full 0):
 PSYoungGen      total 131584K, used 126702K [0x00000000eab00000, 0x00000000f7c00000, 0x0000000100000000)
  eden space 120832K, 100% used [0x00000000eab00000,0x00000000f2100000,0x00000000f2100000)
  from space 10752K, 54% used [0x00000000f2100000,0x00000000f26bb890,0x00000000f2b80000)
  to   space 10240K, 0% used [0x00000000f7200000,0x00000000f7200000,0x00000000f7c00000)
 ParOldGen       total 40960K, used 17272K [0x00000000c0000000, 0x00000000c2800000, 0x00000000eab00000)
  object space 40960K, 42% used [0x00000000c0000000,0x00000000c10de0b0,0x00000000c2800000)
 Metaspace       used 7804K, capacity 8040K, committed 8320K, reserved 1056768K
  class space    used 755K, capacity 787K, committed 896K, reserved 1048576K
Event: 7,875 GC heap after
Heap after GC invocations=10 (full 0):
 PSYoungGen      total 203264K, used 8188K [0x00000000eab00000, 0x00000000f7d00000, 0x0000000100000000)
  eden space 193024K, 0% used [0x00000000eab00000,0x00000000eab00000,0x00000000f6780000)
  from space 10240K, 79% used [0x00000000f7200000,0x00000000f79ff210,0x00000000f7c00000)
  to   space 10752K, 0% used [0x00000000f6780000,0x00000000f6780000,0x00000000f7200000)
 ParOldGen       total 40960K, used 28374K [0x00000000c0000000, 0x00000000c2800000, 0x00000000eab00000)
  object space 40960K, 69% used [0x00000000c0000000,0x00000000c1bb5828,0x00000000c2800000)
 Metaspace       used 7804K, capacity 8040K, committed 8320K, reserved 1056768K
  class space    used 755K, capacity 787K, committed 896K, reserved 1048576K
}
Event: 8,662 GC heap before
{Heap before GC invocations=11 (full 0):
 PSYoungGen      total 203264K, used 201212K [0x00000000eab00000, 0x00000000f7d00000, 0x0000000100000000)
  eden space 193024K, 100% used [0x00000000eab00000,0x00000000f6780000,0x00000000f6780000)
  from space 10240K, 79% used [0x00000000f7200000,0x00000000f79ff210,0x00000000f7c00000)
  to   space 10752K, 0% used [0x00000000f6780000,0x00000000f6780000,0x00000000f7200000)
 ParOldGen       total 40960K, used 28374K [0x00000000c0000000, 0x00000000c2800000, 0x00000000eab00000)
  object space 40960K, 69% used [0x00000000c0000000,0x00000000c1bb5828,0x00000000c2800000)
 Metaspace       used 7806K, capacity 8040K, committed 8320K, reserved 1056768K
  class space    used 755K, capacity 787K, committed 896K, reserved 1048576K

