# JRE version: Java(TM) SE Runtime Environment (8.0_45-b14) (build 1.8.0_45-b14)
# Java VM: Java HotSpot(TM) 64-Bit Server VM (25.45-b02 mixed mode linux-amd64 compressed oops)
Heap:
 PSYoungGen      total 206336K, used 15342K [0x00000000eab00000, 0x00000000f8780000, 0x0000000100000000)
  eden space 190976K, 0% used [0x00000000eab00000,0x00000000eab00000,0x00000000f6580000)
  from space 15360K, 99% used [0x00000000f6580000,0x00000000f747b818,0x00000000f7480000)
  to   space 11264K, 0% used [0x00000000f7480000,0x00000000f7480000,0x00000000f7f80000)
 ParOldGen       total 44544K, used 41801K [0x00000000c0000000, 0x00000000c2b80000, 0x00000000eab00000)
  object space 44544K, 93% used [0x00000000c0000000,0x00000000c28d2770,0x00000000c2b80000)
 Metaspace       used 7827K, capacity 8040K, committed 8320K, reserved 1056768K
  class space    used 765K, capacity 787K, committed 896K, reserved 1048576K
GC Heap History (10 events):
Event: 6,037 GC heap after
Heap after GC invocations=6 (full 0):
 PSYoungGen      total 70144K, used 7657K [0x00000000eab00000, 0x00000000efa00000, 0x0000000100000000)
  eden space 60928K, 0% used [0x00000000eab00000,0x00000000eab00000,0x00000000ee680000)
  from space 9216K, 83% used [0x00000000ef000000,0x00000000ef77a6d8,0x00000000ef900000)
  to   space 9728K, 0% used [0x00000000ee680000,0x00000000ee680000,0x00000000ef000000)
 ParOldGen       total 40960K, used 15963K [0x00000000c0000000, 0x00000000c2800000, 0x00000000eab00000)
  object space 40960K, 38% used [0x00000000c0000000,0x00000000c0f96dd8,0x00000000c2800000)
 Metaspace       used 7700K, capacity 7970K, committed 8320K, reserved 1056768K
  class space    used 756K, capacity 786K, committed 896K, reserved 1048576K
}
Event: 6,401 GC heap before
{Heap before GC invocations=7 (full 0):
 PSYoungGen      total 70144K, used 68585K [0x00000000eab00000, 0x00000000efa00000, 0x0000000100000000)
  eden space 60928K, 100% used [0x00000000eab00000,0x00000000ee680000,0x00000000ee680000)
  from space 9216K, 83% used [0x00000000ef000000,0x00000000ef77a6d8,0x00000000ef900000)
  to   space 9728K, 0% used [0x00000000ee680000,0x00000000ee680000,0x00000000ef000000)
 ParOldGen       total 40960K, used 15963K [0x00000000c0000000, 0x00000000c2800000, 0x00000000eab00000)
  object space 40960K, 38% used [0x00000000c0000000,0x00000000c0f96dd8,0x00000000c2800000)
 Metaspace       used 7805K, capacity 7976K, committed 8320K, reserved 1056768K
  class space    used 765K, capacity 787K, committed 896K, reserved 1048576K
Event: 6,445 GC heap after
Heap after GC invocations=7 (full 0):
 PSYoungGen      total 70656K, used 9478K [0x00000000eab00000, 0x00000000f3800000, 0x0000000100000000)
  eden space 60928K, 0% used [0x00000000eab00000,0x00000000eab00000,0x00000000ee680000)
  from space 9728K, 97% used [0x00000000ee680000,0x00000000eefc18c8,0x00000000ef000000)
  to   space 11264K, 0% used [0x00000000f2d00000,0x00000000f2d00000,0x00000000f3800000)
 ParOldGen       total 40960K, used 20621K [0x00000000c0000000, 0x00000000c2800000, 0x00000000eab00000)
  object space 40960K, 50% used [0x00000000c0000000,0x00000000c14236d8,0x00000000c2800000)
 Metaspace       used 7805K, capacity 7976K, committed 8320K, reserved 1056768K
  class space    used 765K, capacity 787K, committed 896K, reserved 1048576K
}
Event: 6,803 GC heap before
{Heap before GC invocations=8 (full 0):
 PSYoungGen      total 70656K, used 70406K [0x00000000eab00000, 0x00000000f3800000, 0x0000000100000000)
  eden space 60928K, 100% used [0x00000000eab00000,0x00000000ee680000,0x00000000ee680000)
  from space 9728K, 97% used [0x00000000ee680000,0x00000000eefc18c8,0x00000000ef000000)
  to   space 11264K, 0% used [0x00000000f2d00000,0x00000000f2d00000,0x00000000f3800000)
 ParOldGen       total 40960K, used 20621K [0x00000000c0000000, 0x00000000c2800000, 0x00000000eab00000)
  object space 40960K, 50% used [0x00000000c0000000,0x00000000c14236d8,0x00000000c2800000)
 Metaspace       used 7813K, capacity 7976K, committed 8320K, reserved 1056768K
  class space    used 765K, capacity 787K, committed 896K, reserved 1048576K
Event: 6,816 GC heap after
Heap after GC invocations=8 (full 0):
 PSYoungGen      total 133120K, used 8291K [0x00000000eab00000, 0x00000000f3800000, 0x0000000100000000)
  eden space 121856K, 0% used [0x00000000eab00000,0x00000000eab00000,0x00000000f2200000)
  from space 11264K, 73% used [0x00000000f2d00000,0x00000000f3518f78,0x00000000f3800000)
  to   space 11264K, 0% used [0x00000000f2200000,0x00000000f2200000,0x00000000f2d00000)
 ParOldGen       total 40960K, used 20853K [0x00000000c0000000, 0x00000000c2800000, 0x00000000eab00000)
  object space 40960K, 50% used [0x00000000c0000000,0x00000000c145d6d8,0x00000000c2800000)
 Metaspace       used 7813K, capacity 7976K, committed 8320K, reserved 1056768K
  class space    used 765K, capacity 787K, committed 896K, reserved 1048576K
}
Event: 7,453 GC heap before
{Heap before GC invocations=9 (full 0):
 PSYoungGen      total 133120K, used 129784K [0x00000000eab00000, 0x00000000f3800000, 0x0000000100000000)
  eden space 121856K, 99% used [0x00000000eab00000,0x00000000f21a52c8,0x00000000f2200000)
  from space 11264K, 73% used [0x00000000f2d00000,0x00000000f3518f78,0x00000000f3800000)
  to   space 11264K, 0% used [0x00000000f2200000,0x00000000f2200000,0x00000000f2d00000)
 ParOldGen       total 40960K, used 20853K [0x00000000c0000000, 0x00000000c2800000, 0x00000000eab00000)
  object space 40960K, 50% used [0x00000000c0000000,0x00000000c145d6d8,0x00000000c2800000)
 Metaspace       used 7819K, capacity 7976K, committed 8320K, reserved 1056768K
  class space    used 765K, capacity 787K, committed 896K, reserved 1048576K
Event: 7,481 GC heap after
Heap after GC invocations=9 (full 0):
 PSYoungGen      total 133120K, used 7228K [0x00000000eab00000, 0x00000000f7f80000, 0x0000000100000000)
  eden space 121856K, 0% used [0x00000000eab00000,0x00000000eab00000,0x00000000f2200000)
  from space 11264K, 64% used [0x00000000f2200000,0x00000000f290f068,0x00000000f2d00000)
  to   space 11264K, 0% used [0x00000000f7480000,0x00000000f7480000,0x00000000f7f80000)
 ParOldGen       total 40960K, used 22127K [0x00000000c0000000, 0x00000000c2800000, 0x00000000eab00000)
  object space 40960K, 54% used [0x00000000c0000000,0x00000000c159bf98,0x00000000c2800000)
 Metaspace       used 7819K, capacity 7976K, committed 8320K, reserved 1056768K
  class space    used 765K, capacity 787K, committed 896K, reserved 1048576K
}
Event: 8,024 GC heap before
{Heap before GC invocations=10 (full 0):
 PSYoungGen      total 133120K, used 129084K [0x00000000eab00000, 0x00000000f7f80000, 0x0000000100000000)
  eden space 121856K, 100% used [0x00000000eab00000,0x00000000f2200000,0x00000000f2200000)
  from space 11264K, 64% used [0x00000000f2200000,0x00000000f290f068,0x00000000f2d00000)
  to   space 11264K, 0% used [0x00000000f7480000,0x00000000f7480000,0x00000000f7f80000)
 ParOldGen       total 40960K, used 22127K [0x00000000c0000000, 0x00000000c2800000, 0x00000000eab00000)
  object space 40960K, 54% used [0x00000000c0000000,0x00000000c159bf98,0x00000000c2800000)
 Metaspace       used 7824K, capacity 8040K, committed 8320K, reserved 1056768K
  class space    used 765K, capacity 787K, committed 896K, reserved 1048576K
Event: 8,073 GC heap after
Heap after GC invocations=10 (full 0):
 PSYoungGen      total 202240K, used 11245K [0x00000000eab00000, 0x00000000f8780000, 0x0000000100000000)
  eden space 190976K, 0% used [0x00000000eab00000,0x00000000eab00000,0x00000000f6580000)
  from space 11264K, 99% used [0x00000000f7480000,0x00000000f7f7b758,0x00000000f7f80000)
  to   space 15360K, 0% used [0x00000000f6580000,0x00000000f6580000,0x00000000f7480000)
 ParOldGen       total 40960K, used 30119K [0x00000000c0000000, 0x00000000c2800000, 0x00000000eab00000)
  object space 40960K, 73% used [0x00000000c0000000,0x00000000c1d69fb8,0x00000000c2800000)
 Metaspace       used 7824K, capacity 8040K, committed 8320K, reserved 1056768K
  class space    used 765K, capacity 787K, committed 896K, reserved 1048576K
}
Event: 8,870 GC heap before
{Heap before GC invocations=11 (full 0):
 PSYoungGen      total 202240K, used 202221K [0x00000000eab00000, 0x00000000f8780000, 0x0000000100000000)
  eden space 190976K, 100% used [0x00000000eab00000,0x00000000f6580000,0x00000000f6580000)
  from space 11264K, 99% used [0x00000000f7480000,0x00000000f7f7b758,0x00000000f7f80000)
  to   space 15360K, 0% used [0x00000000f6580000,0x00000000f6580000,0x00000000f7480000)
 ParOldGen       total 40960K, used 30119K [0x00000000c0000000, 0x00000000c2800000, 0x00000000eab00000)
  object space 40960K, 73% used [0x00000000c0000000,0x00000000c1d69fb8,0x00000000c2800000)
 Metaspace       used 7827K, capacity 8040K, committed 8320K, reserved 1056768K
  class space    used 765K, capacity 787K, committed 896K, reserved 1048576K

