# JRE version: Java(TM) SE Runtime Environment (8.0_45-b14) (build 1.8.0_45-b14)
# Java VM: Java HotSpot(TM) 64-Bit Server VM (25.45-b02 mixed mode linux-amd64 compressed oops)
Heap:
 PSYoungGen      total 208896K, used 15357K [0x00000000eab00000, 0x00000000f8700000, 0x0000000100000000)
  eden space 193536K, 0% used [0x00000000eab00000,0x00000000eab00000,0x00000000f6800000)
  from space 15360K, 99% used [0x00000000f6800000,0x00000000f76ff680,0x00000000f7700000)
  to   space 14336K, 0% used [0x00000000f7700000,0x00000000f7700000,0x00000000f8500000)
 ParOldGen       total 40960K, used 30362K [0x00000000c0000000, 0x00000000c2800000, 0x00000000eab00000)
  object space 40960K, 74% used [0x00000000c0000000,0x00000000c1da69c8,0x00000000c2800000)
 Metaspace       used 7812K, capacity 8040K, committed 8320K, reserved 1056768K
  class space    used 755K, capacity 787K, committed 896K, reserved 1048576K
GC Heap History (10 events):
Event: 5,193 GC heap after
Heap after GC invocations=6 (full 0):
 PSYoungGen      total 69120K, used 6775K [0x00000000eab00000, 0x00000000ef800000, 0x0000000100000000)
  eden space 60928K, 0% used [0x00000000eab00000,0x00000000eab00000,0x00000000ee680000)
  from space 8192K, 82% used [0x00000000eef00000,0x00000000ef59dd48,0x00000000ef700000)
  to   space 8704K, 0% used [0x00000000ee680000,0x00000000ee680000,0x00000000eef00000)
 ParOldGen       total 40960K, used 14473K [0x00000000c0000000, 0x00000000c2800000, 0x00000000eab00000)
  object space 40960K, 35% used [0x00000000c0000000,0x00000000c0e22798,0x00000000c2800000)
 Metaspace       used 7688K, capacity 8002K, committed 8192K, reserved 1056768K
  class space    used 747K, capacity 754K, committed 768K, reserved 1048576K
}
Event: 5,456 GC heap before
{Heap before GC invocations=7 (full 0):
 PSYoungGen      total 69120K, used 67703K [0x00000000eab00000, 0x00000000ef800000, 0x0000000100000000)
  eden space 60928K, 100% used [0x00000000eab00000,0x00000000ee680000,0x00000000ee680000)
  from space 8192K, 82% used [0x00000000eef00000,0x00000000ef59dd48,0x00000000ef700000)
  to   space 8704K, 0% used [0x00000000ee680000,0x00000000ee680000,0x00000000eef00000)
 ParOldGen       total 40960K, used 14473K [0x00000000c0000000, 0x00000000c2800000, 0x00000000eab00000)
  object space 40960K, 35% used [0x00000000c0000000,0x00000000c0e22798,0x00000000c2800000)
 Metaspace       used 7792K, capacity 8040K, committed 8320K, reserved 1056768K
  class space    used 755K, capacity 787K, committed 896K, reserved 1048576K
Event: 6,100 GC heap after
Heap after GC invocations=7 (full 0):
 PSYoungGen      total 69632K, used 8691K [0x00000000eab00000, 0x00000000f3a00000, 0x0000000100000000)
  eden space 60928K, 0% used [0x00000000eab00000,0x00000000eab00000,0x00000000ee680000)
  from space 8704K, 99% used [0x00000000ee680000,0x00000000eeefcd08,0x00000000eef00000)
  to   space 12288K, 0% used [0x00000000f2e00000,0x00000000f2e00000,0x00000000f3a00000)
 ParOldGen       total 40960K, used 18964K [0x00000000c0000000, 0x00000000c2800000, 0x00000000eab00000)
  object space 40960K, 46% used [0x00000000c0000000,0x00000000c1285010,0x00000000c2800000)
 Metaspace       used 7792K, capacity 8040K, committed 8320K, reserved 1056768K
  class space    used 755K, capacity 787K, committed 896K, reserved 1048576K
}
Event: 6,390 GC heap before
{Heap before GC invocations=8 (full 0):
 PSYoungGen      total 69632K, used 69619K [0x00000000eab00000, 0x00000000f3a00000, 0x0000000100000000)
  eden space 60928K, 100% used [0x00000000eab00000,0x00000000ee680000,0x00000000ee680000)
  from space 8704K, 99% used [0x00000000ee680000,0x00000000eeefcd08,0x00000000eef00000)
  to   space 12288K, 0% used [0x00000000f2e00000,0x00000000f2e00000,0x00000000f3a00000)
 ParOldGen       total 40960K, used 18964K [0x00000000c0000000, 0x00000000c2800000, 0x00000000eab00000)
  object space 40960K, 46% used [0x00000000c0000000,0x00000000c1285010,0x00000000c2800000)
 Metaspace       used 7800K, capacity 8040K, committed 8320K, reserved 1056768K
  class space    used 755K, capacity 787K, committed 896K, reserved 1048576K
Event: 6,406 GC heap after
Heap after GC invocations=8 (full 0):
 PSYoungGen      total 133632K, used 10069K [0x00000000eab00000, 0x00000000f3b00000, 0x0000000100000000)
  eden space 121344K, 0% used [0x00000000eab00000,0x00000000eab00000,0x00000000f2180000)
  from space 12288K, 81% used [0x00000000f2e00000,0x00000000f37d55a0,0x00000000f3a00000)
  to   space 12800K, 0% used [0x00000000f2180000,0x00000000f2180000,0x00000000f2e00000)
 ParOldGen       total 40960K, used 19436K [0x00000000c0000000, 0x00000000c2800000, 0x00000000eab00000)
  object space 40960K, 47% used [0x00000000c0000000,0x00000000c12fb1f0,0x00000000c2800000)
 Metaspace       used 7800K, capacity 8040K, committed 8320K, reserved 1056768K
  class space    used 755K, capacity 787K, committed 896K, reserved 1048576K
}
Event: 6,988 GC heap before
{Heap before GC invocations=9 (full 0):
 PSYoungGen      total 133632K, used 131094K [0x00000000eab00000, 0x00000000f3b00000, 0x0000000100000000)
  eden space 121344K, 99% used [0x00000000eab00000,0x00000000f2130538,0x00000000f2180000)
  from space 12288K, 81% used [0x00000000f2e00000,0x00000000f37d55a0,0x00000000f3a00000)
  to   space 12800K, 0% used [0x00000000f2180000,0x00000000f2180000,0x00000000f2e00000)
 ParOldGen       total 40960K, used 19436K [0x00000000c0000000, 0x00000000c2800000, 0x00000000eab00000)
  object space 40960K, 47% used [0x00000000c0000000,0x00000000c12fb1f0,0x00000000c2800000)
 Metaspace       used 7806K, capacity 8040K, committed 8320K, reserved 1056768K
  class space    used 755K, capacity 787K, committed 896K, reserved 1048576K
Event: 7,003 GC heap after
Heap after GC invocations=9 (full 0):
 PSYoungGen      total 134144K, used 12193K [0x00000000eab00000, 0x00000000f8500000, 0x0000000100000000)
  eden space 121344K, 0% used [0x00000000eab00000,0x00000000eab00000,0x00000000f2180000)
  from space 12800K, 95% used [0x00000000f2180000,0x00000000f2d68700,0x00000000f2e00000)
  to   space 14336K, 0% used [0x00000000f7700000,0x00000000f7700000,0x00000000f8500000)
 ParOldGen       total 40960K, used 19900K [0x00000000c0000000, 0x00000000c2800000, 0x00000000eab00000)
  object space 40960K, 48% used [0x00000000c0000000,0x00000000c136f208,0x00000000c2800000)
 Metaspace       used 7806K, capacity 8040K, committed 8320K, reserved 1056768K
  class space    used 755K, capacity 787K, committed 896K, reserved 1048576K
}
Event: 7,405 GC heap before
{Heap before GC invocations=10 (full 0):
 PSYoungGen      total 134144K, used 133537K [0x00000000eab00000, 0x00000000f8500000, 0x0000000100000000)
  eden space 121344K, 100% used [0x00000000eab00000,0x00000000f2180000,0x00000000f2180000)
  from space 12800K, 95% used [0x00000000f2180000,0x00000000f2d68700,0x00000000f2e00000)
  to   space 14336K, 0% used [0x00000000f7700000,0x00000000f7700000,0x00000000f8500000)
 ParOldGen       total 40960K, used 19900K [0x00000000c0000000, 0x00000000c2800000, 0x00000000eab00000)
  object space 40960K, 48% used [0x00000000c0000000,0x00000000c136f208,0x00000000c2800000)
 Metaspace       used 7810K, capacity 8040K, committed 8320K, reserved 1056768K
  class space    used 755K, capacity 787K, committed 896K, reserved 1048576K
Event: 7,431 GC heap after
Heap after GC invocations=10 (full 0):
 PSYoungGen      total 207872K, used 11882K [0x00000000eab00000, 0x00000000f8700000, 0x0000000100000000)
  eden space 193536K, 0% used [0x00000000eab00000,0x00000000eab00000,0x00000000f6800000)
  from space 14336K, 82% used [0x00000000f7700000,0x00000000f829a828,0x00000000f8500000)
  to   space 15360K, 0% used [0x00000000f6800000,0x00000000f6800000,0x00000000f7700000)
 ParOldGen       total 40960K, used 24826K [0x00000000c0000000, 0x00000000c2800000, 0x00000000eab00000)
  object space 40960K, 60% used [0x00000000c0000000,0x00000000c183eb18,0x00000000c2800000)
 Metaspace       used 7810K, capacity 8040K, committed 8320K, reserved 1056768K
  class space    used 755K, capacity 787K, committed 896K, reserved 1048576K
}
Event: 8,012 GC heap before
{Heap before GC invocations=11 (full 0):
 PSYoungGen      total 207872K, used 205418K [0x00000000eab00000, 0x00000000f8700000, 0x0000000100000000)
  eden space 193536K, 100% used [0x00000000eab00000,0x00000000f6800000,0x00000000f6800000)
  from space 14336K, 82% used [0x00000000f7700000,0x00000000f829a828,0x00000000f8500000)
  to   space 15360K, 0% used [0x00000000f6800000,0x00000000f6800000,0x00000000f7700000)
 ParOldGen       total 40960K, used 24826K [0x00000000c0000000, 0x00000000c2800000, 0x00000000eab00000)
  object space 40960K, 60% used [0x00000000c0000000,0x00000000c183eb18,0x00000000c2800000)
 Metaspace       used 7812K, capacity 8040K, committed 8320K, reserved 1056768K
  class space    used 755K, capacity 787K, committed 896K, reserved 1048576K

