# JRE version: Java(TM) SE Runtime Environment (8.0_45-b14) (build 1.8.0_45-b14)
# Java VM: Java HotSpot(TM) 64-Bit Server VM (25.45-b02 mixed mode linux-amd64 compressed oops)
Heap:
 PSYoungGen      total 200192K, used 200189K [0x00000000eab00000, 0x00000000f8080000, 0x0000000100000000)
  eden space 189440K, 100% used [0x00000000eab00000,0x00000000f6400000,0x00000000f6400000)
  from space 10752K, 99% used [0x00000000f7100000,0x00000000f7b7f4e0,0x00000000f7b80000)
  to   space 13312K, 80% used [0x00000000f6400000,0x00000000f6e70458,0x00000000f7100000)
 ParOldGen       total 58368K, used 55567K [0x00000000c0000000, 0x00000000c3900000, 0x00000000eab00000)
  object space 58368K, 95% used [0x00000000c0000000,0x00000000c3643ef0,0x00000000c3900000)
 Metaspace       used 7826K, capacity 8040K, committed 8320K, reserved 1056768K
  class space    used 755K, capacity 787K, committed 896K, reserved 1048576K
GC Heap History (10 events):
Event: 5,371 GC heap after
Heap after GC invocations=6 (full 0):
 PSYoungGen      total 68608K, used 7672K [0x00000000eab00000, 0x00000000ef900000, 0x0000000100000000)
  eden space 60416K, 0% used [0x00000000eab00000,0x00000000eab00000,0x00000000ee600000)
  from space 8192K, 93% used [0x00000000eef00000,0x00000000ef67e348,0x00000000ef700000)
  to   space 9216K, 0% used [0x00000000ee600000,0x00000000ee600000,0x00000000eef00000)
 ParOldGen       total 40960K, used 14569K [0x00000000c0000000, 0x00000000c2800000, 0x00000000eab00000)
  object space 40960K, 35% used [0x00000000c0000000,0x00000000c0e3a490,0x00000000c2800000)
 Metaspace       used 7699K, capacity 8002K, committed 8192K, reserved 1056768K
  class space    used 747K, capacity 754K, committed 768K, reserved 1048576K
}
Event: 5,795 GC heap before
{Heap before GC invocations=7 (full 0):
 PSYoungGen      total 68608K, used 68088K [0x00000000eab00000, 0x00000000ef900000, 0x0000000100000000)
  eden space 60416K, 100% used [0x00000000eab00000,0x00000000ee600000,0x00000000ee600000)
  from space 8192K, 93% used [0x00000000eef00000,0x00000000ef67e348,0x00000000ef700000)
  to   space 9216K, 0% used [0x00000000ee600000,0x00000000ee600000,0x00000000eef00000)
 ParOldGen       total 40960K, used 14569K [0x00000000c0000000, 0x00000000c2800000, 0x00000000eab00000)
  object space 40960K, 35% used [0x00000000c0000000,0x00000000c0e3a490,0x00000000c2800000)
 Metaspace       used 7799K, capacity 8040K, committed 8320K, reserved 1056768K
  class space    used 755K, capacity 787K, committed 896K, reserved 1048576K
Event: 5,818 GC heap after
Heap after GC invocations=7 (full 0):
 PSYoungGen      total 69632K, used 7018K [0x00000000eab00000, 0x00000000f3300000, 0x0000000100000000)
  eden space 60416K, 0% used [0x00000000eab00000,0x00000000eab00000,0x00000000ee600000)
  from space 9216K, 76% used [0x00000000ee600000,0x00000000eecdabe0,0x00000000eef00000)
  to   space 9216K, 0% used [0x00000000f2a00000,0x00000000f2a00000,0x00000000f3300000)
 ParOldGen       total 40960K, used 24315K [0x00000000c0000000, 0x00000000c2800000, 0x00000000eab00000)
  object space 40960K, 59% used [0x00000000c0000000,0x00000000c17bece8,0x00000000c2800000)
 Metaspace       used 7799K, capacity 8040K, committed 8320K, reserved 1056768K
  class space    used 755K, capacity 787K, committed 896K, reserved 1048576K
}
Event: 6,156 GC heap before
{Heap before GC invocations=8 (full 0):
 PSYoungGen      total 69632K, used 67434K [0x00000000eab00000, 0x00000000f3300000, 0x0000000100000000)
  eden space 60416K, 100% used [0x00000000eab00000,0x00000000ee600000,0x00000000ee600000)
  from space 9216K, 76% used [0x00000000ee600000,0x00000000eecdabe0,0x00000000eef00000)
  to   space 9216K, 0% used [0x00000000f2a00000,0x00000000f2a00000,0x00000000f3300000)
 ParOldGen       total 40960K, used 24315K [0x00000000c0000000, 0x00000000c2800000, 0x00000000eab00000)
  object space 40960K, 59% used [0x00000000c0000000,0x00000000c17bece8,0x00000000c2800000)
 Metaspace       used 7813K, capacity 8040K, committed 8320K, reserved 1056768K
  class space    used 755K, capacity 787K, committed 896K, reserved 1048576K
Event: 6,262 GC heap after
Heap after GC invocations=8 (full 0):
 PSYoungGen      total 129024K, used 8810K [0x00000000eab00000, 0x00000000f3500000, 0x0000000100000000)
  eden space 119808K, 0% used [0x00000000eab00000,0x00000000eab00000,0x00000000f2000000)
  from space 9216K, 95% used [0x00000000f2a00000,0x00000000f329a818,0x00000000f3300000)
  to   space 10240K, 0% used [0x00000000f2000000,0x00000000f2000000,0x00000000f2a00000)
 ParOldGen       total 40960K, used 25145K [0x00000000c0000000, 0x00000000c2800000, 0x00000000eab00000)
  object space 40960K, 61% used [0x00000000c0000000,0x00000000c188e6c8,0x00000000c2800000)
 Metaspace       used 7813K, capacity 8040K, committed 8320K, reserved 1056768K
  class space    used 755K, capacity 787K, committed 896K, reserved 1048576K
}
Event: 7,828 GC heap before
{Heap before GC invocations=9 (full 0):
 PSYoungGen      total 129024K, used 128618K [0x00000000eab00000, 0x00000000f3500000, 0x0000000100000000)
  eden space 119808K, 100% used [0x00000000eab00000,0x00000000f2000000,0x00000000f2000000)
  from space 9216K, 95% used [0x00000000f2a00000,0x00000000f329a818,0x00000000f3300000)
  to   space 10240K, 0% used [0x00000000f2000000,0x00000000f2000000,0x00000000f2a00000)
 ParOldGen       total 40960K, used 25145K [0x00000000c0000000, 0x00000000c2800000, 0x00000000eab00000)
  object space 40960K, 61% used [0x00000000c0000000,0x00000000c188e6c8,0x00000000c2800000)
 Metaspace       used 7818K, capacity 8040K, committed 8320K, reserved 1056768K
  class space    used 755K, capacity 787K, committed 896K, reserved 1048576K
Event: 7,847 GC heap after
Heap after GC invocations=9 (full 0):
 PSYoungGen      total 130048K, used 8506K [0x00000000eab00000, 0x00000000f7b80000, 0x0000000100000000)
  eden space 119808K, 0% used [0x00000000eab00000,0x00000000eab00000,0x00000000f2000000)
  from space 10240K, 83% used [0x00000000f2000000,0x00000000f284e938,0x00000000f2a00000)
  to   space 10752K, 0% used [0x00000000f7100000,0x00000000f7100000,0x00000000f7b80000)
 ParOldGen       total 40960K, used 26824K [0x00000000c0000000, 0x00000000c2800000, 0x00000000eab00000)
  object space 40960K, 65% used [0x00000000c0000000,0x00000000c1a323e8,0x00000000c2800000)
 Metaspace       used 7818K, capacity 8040K, committed 8320K, reserved 1056768K
  class space    used 755K, capacity 787K, committed 896K, reserved 1048576K
}
Event: 8,286 GC heap before
{Heap before GC invocations=10 (full 0):
 PSYoungGen      total 130048K, used 128314K [0x00000000eab00000, 0x00000000f7b80000, 0x0000000100000000)
  eden space 119808K, 100% used [0x00000000eab00000,0x00000000f2000000,0x00000000f2000000)
  from space 10240K, 83% used [0x00000000f2000000,0x00000000f284e938,0x00000000f2a00000)
  to   space 10752K, 0% used [0x00000000f7100000,0x00000000f7100000,0x00000000f7b80000)
 ParOldGen       total 40960K, used 26824K [0x00000000c0000000, 0x00000000c2800000, 0x00000000eab00000)
  object space 40960K, 65% used [0x00000000c0000000,0x00000000c1a323e8,0x00000000c2800000)
 Metaspace       used 7822K, capacity 8040K, committed 8320K, reserved 1056768K
  class space    used 755K, capacity 787K, committed 896K, reserved 1048576K
Event: 8,340 GC heap after
Heap after GC invocations=10 (full 0):
 PSYoungGen      total 200192K, used 10749K [0x00000000eab00000, 0x00000000f8080000, 0x0000000100000000)
  eden space 189440K, 0% used [0x00000000eab00000,0x00000000eab00000,0x00000000f6400000)
  from space 10752K, 99% used [0x00000000f7100000,0x00000000f7b7f4e0,0x00000000f7b80000)
  to   space 13312K, 0% used [0x00000000f6400000,0x00000000f6400000,0x00000000f7100000)
 ParOldGen       total 40960K, used 31609K [0x00000000c0000000, 0x00000000c2800000, 0x00000000eab00000)
  object space 40960K, 77% used [0x00000000c0000000,0x00000000c1ede500,0x00000000c2800000)
 Metaspace       used 7822K, capacity 8040K, committed 8320K, reserved 1056768K
  class space    used 755K, capacity 787K, committed 896K, reserved 1048576K
}
Event: 8,950 GC heap before
{Heap before GC invocations=11 (full 0):
 PSYoungGen      total 200192K, used 200189K [0x00000000eab00000, 0x00000000f8080000, 0x0000000100000000)
  eden space 189440K, 100% used [0x00000000eab00000,0x00000000f6400000,0x00000000f6400000)
  from space 10752K, 99% used [0x00000000f7100000,0x00000000f7b7f4e0,0x00000000f7b80000)
  to   space 13312K, 0% used [0x00000000f6400000,0x00000000f6400000,0x00000000f7100000)
 ParOldGen       total 40960K, used 31609K [0x00000000c0000000, 0x00000000c2800000, 0x00000000eab00000)
  object space 40960K, 77% used [0x00000000c0000000,0x00000000c1ede500,0x00000000c2800000)
 Metaspace       used 7826K, capacity 8040K, committed 8320K, reserved 1056768K
  class space    used 755K, capacity 787K, committed 896K, reserved 1048576K

