# JRE version: Java(TM) SE Runtime Environment (8.0_45-b14) (build 1.8.0_45-b14)
# Java VM: Java HotSpot(TM) 64-Bit Server VM (25.45-b02 mixed mode linux-amd64 compressed oops)
Heap:
 PSYoungGen      total 203776K, used 6193K [0x00000000eab00000, 0x00000000f7b80000, 0x0000000100000000)
  eden space 194560K, 0% used [0x00000000eab00000,0x00000000eab00000,0x00000000f6900000)
  from space 9216K, 67% used [0x00000000f6900000,0x00000000f6f0c4d0,0x00000000f7200000)
  to   space 8704K, 0% used [0x00000000f7200000,0x00000000f7200000,0x00000000f7a80000)
 ParOldGen       total 46080K, used 45651K [0x00000000c0000000, 0x00000000c2d00000, 0x00000000eab00000)
  object space 46080K, 99% used [0x00000000c0000000,0x00000000c2c94d08,0x00000000c2d00000)
 Metaspace       used 7823K, capacity 8040K, committed 8320K, reserved 1056768K
  class space    used 755K, capacity 787K, committed 896K, reserved 1048576K
GC Heap History (10 events):
Event: 5,856 GC heap after
Heap after GC invocations=6 (full 0):
 PSYoungGen      total 69120K, used 7001K [0x00000000eab00000, 0x00000000ef800000, 0x0000000100000000)
  eden space 60928K, 0% used [0x00000000eab00000,0x00000000eab00000,0x00000000ee680000)
  from space 8192K, 85% used [0x00000000eef00000,0x00000000ef5d65a0,0x00000000ef700000)
  to   space 8704K, 0% used [0x00000000ee680000,0x00000000ee680000,0x00000000eef00000)
 ParOldGen       total 40960K, used 14450K [0x00000000c0000000, 0x00000000c2800000, 0x00000000eab00000)
  object space 40960K, 35% used [0x00000000c0000000,0x00000000c0e1ca60,0x00000000c2800000)
 Metaspace       used 7700K, capacity 8002K, committed 8192K, reserved 1056768K
  class space    used 747K, capacity 754K, committed 768K, reserved 1048576K
}
Event: 6,164 GC heap before
{Heap before GC invocations=7 (full 0):
 PSYoungGen      total 69120K, used 67929K [0x00000000eab00000, 0x00000000ef800000, 0x0000000100000000)
  eden space 60928K, 100% used [0x00000000eab00000,0x00000000ee680000,0x00000000ee680000)
  from space 8192K, 85% used [0x00000000eef00000,0x00000000ef5d65a0,0x00000000ef700000)
  to   space 8704K, 0% used [0x00000000ee680000,0x00000000ee680000,0x00000000eef00000)
 ParOldGen       total 40960K, used 14450K [0x00000000c0000000, 0x00000000c2800000, 0x00000000eab00000)
  object space 40960K, 35% used [0x00000000c0000000,0x00000000c0e1ca60,0x00000000c2800000)
 Metaspace       used 7802K, capacity 8040K, committed 8320K, reserved 1056768K
  class space    used 755K, capacity 787K, committed 896K, reserved 1048576K
Event: 6,182 GC heap after
Heap after GC invocations=7 (full 0):
 PSYoungGen      total 69632K, used 6168K [0x00000000eab00000, 0x00000000f3300000, 0x0000000100000000)
  eden space 60928K, 0% used [0x00000000eab00000,0x00000000eab00000,0x00000000ee680000)
  from space 8704K, 70% used [0x00000000ee680000,0x00000000eec860c8,0x00000000eef00000)
  to   space 8704K, 0% used [0x00000000f2a80000,0x00000000f2a80000,0x00000000f3300000)
 ParOldGen       total 40960K, used 16049K [0x00000000c0000000, 0x00000000c2800000, 0x00000000eab00000)
  object space 40960K, 39% used [0x00000000c0000000,0x00000000c0fac5e8,0x00000000c2800000)
 Metaspace       used 7802K, capacity 8040K, committed 8320K, reserved 1056768K
  class space    used 755K, capacity 787K, committed 896K, reserved 1048576K
}
Event: 6,514 GC heap before
{Heap before GC invocations=8 (full 0):
 PSYoungGen      total 69632K, used 67096K [0x00000000eab00000, 0x00000000f3300000, 0x0000000100000000)
  eden space 60928K, 100% used [0x00000000eab00000,0x00000000ee680000,0x00000000ee680000)
  from space 8704K, 70% used [0x00000000ee680000,0x00000000eec860c8,0x00000000eef00000)
  to   space 8704K, 0% used [0x00000000f2a80000,0x00000000f2a80000,0x00000000f3300000)
 ParOldGen       total 40960K, used 16049K [0x00000000c0000000, 0x00000000c2800000, 0x00000000eab00000)
  object space 40960K, 39% used [0x00000000c0000000,0x00000000c0fac5e8,0x00000000c2800000)
 Metaspace       used 7809K, capacity 8040K, committed 8320K, reserved 1056768K
  class space    used 755K, capacity 787K, committed 896K, reserved 1048576K
Event: 6,534 GC heap after
Heap after GC invocations=8 (full 0):
 PSYoungGen      total 130560K, used 6642K [0x00000000eab00000, 0x00000000f3300000, 0x0000000100000000)
  eden space 121856K, 0% used [0x00000000eab00000,0x00000000eab00000,0x00000000f2200000)
  from space 8704K, 76% used [0x00000000f2a80000,0x00000000f30fca58,0x00000000f3300000)
  to   space 8704K, 0% used [0x00000000f2200000,0x00000000f2200000,0x00000000f2a80000)
 ParOldGen       total 40960K, used 19046K [0x00000000c0000000, 0x00000000c2800000, 0x00000000eab00000)
  object space 40960K, 46% used [0x00000000c0000000,0x00000000c1299bc0,0x00000000c2800000)
 Metaspace       used 7809K, capacity 8040K, committed 8320K, reserved 1056768K
  class space    used 755K, capacity 787K, committed 896K, reserved 1048576K
}
Event: 7,320 GC heap before
{Heap before GC invocations=9 (full 0):
 PSYoungGen      total 130560K, used 128498K [0x00000000eab00000, 0x00000000f3300000, 0x0000000100000000)
  eden space 121856K, 100% used [0x00000000eab00000,0x00000000f2200000,0x00000000f2200000)
  from space 8704K, 76% used [0x00000000f2a80000,0x00000000f30fca58,0x00000000f3300000)
  to   space 8704K, 0% used [0x00000000f2200000,0x00000000f2200000,0x00000000f2a80000)
 ParOldGen       total 40960K, used 19046K [0x00000000c0000000, 0x00000000c2800000, 0x00000000eab00000)
  object space 40960K, 46% used [0x00000000c0000000,0x00000000c1299bc0,0x00000000c2800000)
 Metaspace       used 7815K, capacity 8040K, committed 8320K, reserved 1056768K
  class space    used 755K, capacity 787K, committed 896K, reserved 1048576K
Event: 7,327 GC heap after
Heap after GC invocations=9 (full 0):
 PSYoungGen      total 130560K, used 7257K [0x00000000eab00000, 0x00000000f7a80000, 0x0000000100000000)
  eden space 121856K, 0% used [0x00000000eab00000,0x00000000eab00000,0x00000000f2200000)
  from space 8704K, 83% used [0x00000000f2200000,0x00000000f2916660,0x00000000f2a80000)
  to   space 8704K, 0% used [0x00000000f7200000,0x00000000f7200000,0x00000000f7a80000)
 ParOldGen       total 40960K, used 19414K [0x00000000c0000000, 0x00000000c2800000, 0x00000000eab00000)
  object space 40960K, 47% used [0x00000000c0000000,0x00000000c12f5bd8,0x00000000c2800000)
 Metaspace       used 7815K, capacity 8040K, committed 8320K, reserved 1056768K
  class space    used 755K, capacity 787K, committed 896K, reserved 1048576K
}
Event: 7,815 GC heap before
{Heap before GC invocations=10 (full 0):
 PSYoungGen      total 130560K, used 129113K [0x00000000eab00000, 0x00000000f7a80000, 0x0000000100000000)
  eden space 121856K, 100% used [0x00000000eab00000,0x00000000f2200000,0x00000000f2200000)
  from space 8704K, 83% used [0x00000000f2200000,0x00000000f2916660,0x00000000f2a80000)
  to   space 8704K, 0% used [0x00000000f7200000,0x00000000f7200000,0x00000000f7a80000)
 ParOldGen       total 40960K, used 19414K [0x00000000c0000000, 0x00000000c2800000, 0x00000000eab00000)
  object space 40960K, 47% used [0x00000000c0000000,0x00000000c12f5bd8,0x00000000c2800000)
 Metaspace       used 7820K, capacity 8040K, committed 8320K, reserved 1056768K
  class space    used 755K, capacity 787K, committed 896K, reserved 1048576K
Event: 7,839 GC heap after
Heap after GC invocations=10 (full 0):
 PSYoungGen      total 203264K, used 8220K [0x00000000eab00000, 0x00000000f7b80000, 0x0000000100000000)
  eden space 194560K, 0% used [0x00000000eab00000,0x00000000eab00000,0x00000000f6900000)
  from space 8704K, 94% used [0x00000000f7200000,0x00000000f7a070c0,0x00000000f7a80000)
  to   space 9216K, 0% used [0x00000000f6900000,0x00000000f6900000,0x00000000f7200000)
 ParOldGen       total 40960K, used 30508K [0x00000000c0000000, 0x00000000c2800000, 0x00000000eab00000)
  object space 40960K, 74% used [0x00000000c0000000,0x00000000c1dcb128,0x00000000c2800000)
 Metaspace       used 7820K, capacity 8040K, committed 8320K, reserved 1056768K
  class space    used 755K, capacity 787K, committed 896K, reserved 1048576K
}
Event: 8,506 GC heap before
{Heap before GC invocations=11 (full 0):
 PSYoungGen      total 203264K, used 202780K [0x00000000eab00000, 0x00000000f7b80000, 0x0000000100000000)
  eden space 194560K, 100% used [0x00000000eab00000,0x00000000f6900000,0x00000000f6900000)
  from space 8704K, 94% used [0x00000000f7200000,0x00000000f7a070c0,0x00000000f7a80000)
  to   space 9216K, 0% used [0x00000000f6900000,0x00000000f6900000,0x00000000f7200000)
 ParOldGen       total 40960K, used 30508K [0x00000000c0000000, 0x00000000c2800000, 0x00000000eab00000)
  object space 40960K, 74% used [0x00000000c0000000,0x00000000c1dcb128,0x00000000c2800000)
 Metaspace       used 7823K, capacity 8040K, committed 8320K, reserved 1056768K
  class space    used 755K, capacity 787K, committed 896K, reserved 1048576K

